<?xml version="1.0" encoding="UTF-8"?>
<testsuite xmlns:xsi="http://www.w3.org/2001/XMLSchema-instance" xsi:noNamespaceSchemaLocation="https://maven.apache.org/surefire/maven-surefire-plugin/xsd/surefire-test-report.xsd" name="CreatingACourierTest" time="9.202" tests="4" errors="0" skipped="0" failures="0">
  <properties>
    <property name="sun.desktop" value="gnome"/>
    <property name="awt.toolkit" value="sun.awt.X11.XToolkit"/>
    <property name="java.specification.version" value="11"/>
    <property name="sun.cpu.isalist" value=""/>
    <property name="sun.jnu.encoding" value="UTF-8"/>
    <property name="java.class.path" value="/home/larisa/Documents/Sprint API/Sprint_3/target/test-classes:/home/larisa/Documents/Sprint API/Sprint_3/target/classes:/home/larisa/.m2/repository/org/mockito/mockito-core/4.8.0/mockito-core-4.8.0.jar:/home/larisa/.m2/repository/net/bytebuddy/byte-buddy/1.12.14/byte-buddy-1.12.14.jar:/home/larisa/.m2/repository/net/bytebuddy/byte-buddy-agent/1.12.14/byte-buddy-agent-1.12.14.jar:/home/larisa/.m2/repository/org/objenesis/objenesis/3.2/objenesis-3.2.jar:/home/larisa/.m2/repository/io/rest-assured/rest-assured/5.2.0/rest-assured-5.2.0.jar:/home/larisa/.m2/repository/org/apache/groovy/groovy/4.0.1/groovy-4.0.1.jar:/home/larisa/.m2/repository/org/apache/groovy/groovy-xml/4.0.1/groovy-xml-4.0.1.jar:/home/larisa/.m2/repository/org/apache/httpcomponents/httpclient/4.5.13/httpclient-4.5.13.jar:/home/larisa/.m2/repository/org/apache/httpcomponents/httpcore/4.4.13/httpcore-4.4.13.jar:/home/larisa/.m2/repository/commons-logging/commons-logging/1.2/commons-logging-1.2.jar:/home/larisa/.m2/repository/commons-codec/commons-codec/1.11/commons-codec-1.11.jar:/home/larisa/.m2/repository/org/apache/httpcomponents/httpmime/4.5.13/httpmime-4.5.13.jar:/home/larisa/.m2/repository/org/hamcrest/hamcrest/2.1/hamcrest-2.1.jar:/home/larisa/.m2/repository/org/ccil/cowan/tagsoup/tagsoup/1.2.1/tagsoup-1.2.1.jar:/home/larisa/.m2/repository/io/rest-assured/json-path/5.2.0/json-path-5.2.0.jar:/home/larisa/.m2/repository/org/apache/groovy/groovy-json/4.0.1/groovy-json-4.0.1.jar:/home/larisa/.m2/repository/io/rest-assured/rest-assured-common/5.2.0/rest-assured-common-5.2.0.jar:/home/larisa/.m2/repository/io/rest-assured/xml-path/5.2.0/xml-path-5.2.0.jar:/home/larisa/.m2/repository/junit/junit/4.13.2/junit-4.13.2.jar:/home/larisa/.m2/repository/org/hamcrest/hamcrest-core/1.3/hamcrest-core-1.3.jar:/home/larisa/.m2/repository/io/qameta/allure/allure-junit4/2.20.0/allure-junit4-2.20.0.jar:/home/larisa/.m2/repository/io/qameta/allure/allure-java-commons/2.20.0/allure-java-commons-2.20.0.jar:/home/larisa/.m2/repository/io/qameta/allure/allure-model/2.20.0/allure-model-2.20.0.jar:/home/larisa/.m2/repository/io/qameta/allure/allure-rest-assured/2.20.0/allure-rest-assured-2.20.0.jar:/home/larisa/.m2/repository/io/qameta/allure/allure-attachments/2.20.0/allure-attachments-2.20.0.jar:/home/larisa/.m2/repository/org/freemarker/freemarker/2.3.31/freemarker-2.3.31.jar:/home/larisa/.m2/repository/com/google/code/gson/gson/2.10/gson-2.10.jar:/home/larisa/.m2/repository/org/slf4j/slf4j-simple/2.0.3/slf4j-simple-2.0.3.jar:/home/larisa/.m2/repository/org/slf4j/slf4j-api/2.0.3/slf4j-api-2.0.3.jar:/home/larisa/.m2/repository/com/github/javafaker/javafaker/1.0.2/javafaker-1.0.2.jar:/home/larisa/.m2/repository/org/apache/commons/commons-lang3/3.5/commons-lang3-3.5.jar:/home/larisa/.m2/repository/org/yaml/snakeyaml/1.23/snakeyaml-1.23-android.jar:/home/larisa/.m2/repository/com/github/mifmif/generex/1.0.2/generex-1.0.2.jar:/home/larisa/.m2/repository/dk/brics/automaton/automaton/1.11-8/automaton-1.11-8.jar:"/>
    <property name="java.vm.vendor" value="Ubuntu"/>
    <property name="sun.arch.data.model" value="64"/>
    <property name="java.vendor.url" value="https://ubuntu.com/"/>
    <property name="user.timezone" value=""/>
    <property name="java.vm.specification.version" value="11"/>
    <property name="os.name" value="Linux"/>
    <property name="sun.java.launcher" value="SUN_STANDARD"/>
    <property name="user.country" value="US"/>
    <property name="sun.boot.library.path" value="/usr/lib/jvm/java-11-openjdk-amd64/lib"/>
    <property name="sun.java.command" value="/home/larisa/Documents/Sprint API/Sprint_3/target/surefire/surefirebooter5162651167707632557.jar /home/larisa/Documents/Sprint API/Sprint_3/target/surefire 2022-11-16T12-16-32_451-jvmRun1 surefire5549208393517176421tmp surefire_013403559736127038261tmp"/>
    <property name="jdk.debug" value="release"/>
    <property name="surefire.test.class.path" value="/home/larisa/Documents/Sprint API/Sprint_3/target/test-classes:/home/larisa/Documents/Sprint API/Sprint_3/target/classes:/home/larisa/.m2/repository/org/mockito/mockito-core/4.8.0/mockito-core-4.8.0.jar:/home/larisa/.m2/repository/net/bytebuddy/byte-buddy/1.12.14/byte-buddy-1.12.14.jar:/home/larisa/.m2/repository/net/bytebuddy/byte-buddy-agent/1.12.14/byte-buddy-agent-1.12.14.jar:/home/larisa/.m2/repository/org/objenesis/objenesis/3.2/objenesis-3.2.jar:/home/larisa/.m2/repository/io/rest-assured/rest-assured/5.2.0/rest-assured-5.2.0.jar:/home/larisa/.m2/repository/org/apache/groovy/groovy/4.0.1/groovy-4.0.1.jar:/home/larisa/.m2/repository/org/apache/groovy/groovy-xml/4.0.1/groovy-xml-4.0.1.jar:/home/larisa/.m2/repository/org/apache/httpcomponents/httpclient/4.5.13/httpclient-4.5.13.jar:/home/larisa/.m2/repository/org/apache/httpcomponents/httpcore/4.4.13/httpcore-4.4.13.jar:/home/larisa/.m2/repository/commons-logging/commons-logging/1.2/commons-logging-1.2.jar:/home/larisa/.m2/repository/commons-codec/commons-codec/1.11/commons-codec-1.11.jar:/home/larisa/.m2/repository/org/apache/httpcomponents/httpmime/4.5.13/httpmime-4.5.13.jar:/home/larisa/.m2/repository/org/hamcrest/hamcrest/2.1/hamcrest-2.1.jar:/home/larisa/.m2/repository/org/ccil/cowan/tagsoup/tagsoup/1.2.1/tagsoup-1.2.1.jar:/home/larisa/.m2/repository/io/rest-assured/json-path/5.2.0/json-path-5.2.0.jar:/home/larisa/.m2/repository/org/apache/groovy/groovy-json/4.0.1/groovy-json-4.0.1.jar:/home/larisa/.m2/repository/io/rest-assured/rest-assured-common/5.2.0/rest-assured-common-5.2.0.jar:/home/larisa/.m2/repository/io/rest-assured/xml-path/5.2.0/xml-path-5.2.0.jar:/home/larisa/.m2/repository/junit/junit/4.13.2/junit-4.13.2.jar:/home/larisa/.m2/repository/org/hamcrest/hamcrest-core/1.3/hamcrest-core-1.3.jar:/home/larisa/.m2/repository/io/qameta/allure/allure-junit4/2.20.0/allure-junit4-2.20.0.jar:/home/larisa/.m2/repository/io/qameta/allure/allure-java-commons/2.20.0/allure-java-commons-2.20.0.jar:/home/larisa/.m2/repository/io/qameta/allure/allure-model/2.20.0/allure-model-2.20.0.jar:/home/larisa/.m2/repository/io/qameta/allure/allure-rest-assured/2.20.0/allure-rest-assured-2.20.0.jar:/home/larisa/.m2/repository/io/qameta/allure/allure-attachments/2.20.0/allure-attachments-2.20.0.jar:/home/larisa/.m2/repository/org/freemarker/freemarker/2.3.31/freemarker-2.3.31.jar:/home/larisa/.m2/repository/com/google/code/gson/gson/2.10/gson-2.10.jar:/home/larisa/.m2/repository/org/slf4j/slf4j-simple/2.0.3/slf4j-simple-2.0.3.jar:/home/larisa/.m2/repository/org/slf4j/slf4j-api/2.0.3/slf4j-api-2.0.3.jar:/home/larisa/.m2/repository/com/github/javafaker/javafaker/1.0.2/javafaker-1.0.2.jar:/home/larisa/.m2/repository/org/apache/commons/commons-lang3/3.5/commons-lang3-3.5.jar:/home/larisa/.m2/repository/org/yaml/snakeyaml/1.23/snakeyaml-1.23-android.jar:/home/larisa/.m2/repository/com/github/mifmif/generex/1.0.2/generex-1.0.2.jar:/home/larisa/.m2/repository/dk/brics/automaton/automaton/1.11-8/automaton-1.11-8.jar:"/>
    <property name="allure.results.directory" value="/home/larisa/Documents/Sprint API/Sprint_3/target/allure-results"/>
    <property name="sun.cpu.endian" value="little"/>
    <property name="user.home" value="/home/larisa"/>
    <property name="user.language" value="en"/>
    <property name="java.specification.vendor" value="Oracle Corporation"/>
    <property name="java.version.date" value="2022-10-18"/>
    <property name="java.home" value="/usr/lib/jvm/java-11-openjdk-amd64"/>
    <property name="file.separator" value="/"/>
    <property name="basedir" value="/home/larisa/Documents/Sprint API/Sprint_3"/>
    <property name="java.vm.compressedOopsMode" value="Zero based"/>
    <property name="line.separator" value="&#10;"/>
    <property name="java.specification.name" value="Java Platform API Specification"/>
    <property name="java.vm.specification.vendor" value="Oracle Corporation"/>
    <property name="java.awt.graphicsenv" value="sun.awt.X11GraphicsEnvironment"/>
    <property name="surefire.real.class.path" value="/home/larisa/Documents/Sprint API/Sprint_3/target/surefire/surefirebooter5162651167707632557.jar"/>
    <property name="sun.management.compiler" value="HotSpot 64-Bit Tiered Compilers"/>
    <property name="java.runtime.version" value="11.0.17+8-post-Ubuntu-1ubuntu222.04"/>
    <property name="user.name" value="larisa"/>
    <property name="path.separator" value=":"/>
    <property name="os.version" value="5.15.0-52-generic"/>
    <property name="java.runtime.name" value="OpenJDK Runtime Environment"/>
    <property name="file.encoding" value="UTF-8"/>
    <property name="java.vm.name" value="OpenJDK 64-Bit Server VM"/>
    <property name="localRepository" value="/home/larisa/.m2/repository"/>
    <property name="java.vendor.url.bug" value="https://bugs.launchpad.net/ubuntu/+source/openjdk-lts"/>
    <property name="java.io.tmpdir" value="/tmp"/>
    <property name="java.version" value="11.0.17"/>
    <property name="user.dir" value="/home/larisa/Documents/Sprint API/Sprint_3"/>
    <property name="os.arch" value="amd64"/>
    <property name="java.vm.specification.name" value="Java Virtual Machine Specification"/>
    <property name="java.awt.printerjob" value="sun.print.PSPrinterJob"/>
    <property name="sun.os.patch.level" value="unknown"/>
    <property name="java.library.path" value="/usr/java/packages/lib:/usr/lib/x86_64-linux-gnu/jni:/lib/x86_64-linux-gnu:/usr/lib/x86_64-linux-gnu:/usr/lib/jni:/lib:/usr/lib"/>
    <property name="java.vm.info" value="mixed mode, sharing"/>
    <property name="java.vendor" value="Ubuntu"/>
    <property name="java.vm.version" value="11.0.17+8-post-Ubuntu-1ubuntu222.04"/>
    <property name="sun.io.unicode.encoding" value="UnicodeLittle"/>
    <property name="java.class.version" value="55.0"/>
  </properties>
  <testcase name="checkPostCreatingCourier[0]" classname="CreatingACourierTest" time="5.375"/>
  <testcase name="checkPostCreatingIdenticalCouriers[0]" classname="CreatingACourierTest" time="1.013"/>
  <testcase name="checkPostCreatingCourier[1]" classname="CreatingACourierTest" time="0.882"/>
  <testcase name="checkPostCreatingIdenticalCouriers[1]" classname="CreatingACourierTest" time="1.083"/>
</testsuite>